<?xml version="1.0" encoding="UTF-8"?>
<!-- Generated by org.testng.reporters.JUnitReportReporter -->
<testsuite hostname="DESKTOP-4S95062" failures="0" tests="1" name="com.netbanking.TestCases.Tc_NewCustomerTest_003" time="3.605" errors="0" timestamp="03 Oct 2021 06:06:47 GMT" skipped="0">
  <testcase classname="com.netbanking.TestCases.Tc_NewCustomerTest_003" name="AddNewCustomer" time="3.605"/>
</testsuite> <!-- com.netbanking.TestCases.Tc_NewCustomerTest_003 -->
