<?xml version="1.0" encoding="UTF-8"?>
<!-- Generated by org.testng.reporters.JUnitReportReporter -->
<testsuite hostname="DESKTOP-4S95062" failures="0" tests="1" name="com.netbanking.TestCases.TC_LoginTest_001" time="1.330" errors="0" timestamp="03 Oct 2021 06:06:47 GMT" skipped="0">
  <testcase classname="com.netbanking.TestCases.TC_LoginTest_001" name="loginTest" time="1.330"/>
</testsuite> <!-- com.netbanking.TestCases.TC_LoginTest_001 -->
